[19:10:11.728][INFO]: Parsing all .json files in machines folder.
[19:10:11.731][INFO]: Parsing all .json files in upgrades folder.
[19:10:12.050][INFO]: Finished, 0 .json files successfully parsed in machines folder.
[19:10:12.052][INFO]: Finished, 0 .json files successfully parsed in upgrades folder.
[19:10:21.142][INFO]: Reading Custom Machinery Machines...
[19:10:21.142][INFO]: Finished creating custom machines.
[19:10:21.142][INFO]: Reading Custom Machinery Upgrades json
[19:10:21.143][INFO]: No machine upgrade json found.
[19:10:21.143][INFO]: Collecting machine upgrades with kubeJS.
[19:10:21.145][INFO]: No machine upgrades found with kubejs
[19:10:21.145][INFO]: Finished creating custom machine upgrades.
[19:31:52.860][INFO]: Parsing all .json files in machines folder.
[19:31:52.883][INFO]: Parsing all .json files in upgrades folder.
[19:31:53.150][INFO]: Finished, 0 .json files successfully parsed in machines folder.
[19:31:53.217][INFO]: Finished, 0 .json files successfully parsed in upgrades folder.
[19:32:01.816][INFO]: Reading Custom Machinery Machines...
[19:32:01.816][INFO]: Finished creating custom machines.
[19:32:01.816][INFO]: Reading Custom Machinery Upgrades json
[19:32:01.816][INFO]: No machine upgrade json found.
[19:32:01.816][INFO]: Collecting machine upgrades with kubeJS.
[19:32:01.816][INFO]: No machine upgrades found with kubejs
[19:32:01.816][INFO]: Finished creating custom machine upgrades.
